ISim log file
Running: C:\Users\Student\Desktop\152alab10am\tenamlab1\tb_isim_beh.exe -intstyle ise -gui -tclbatch isim.cmd -wdb C:/Users/Student/Desktop/152alab10am/tenamlab1/tb_isim_beh.wdb 
ISim P.20131013 (signature 0x7708f090)
WARNING: A WEBPACK license was found.
WARNING: Please use Xilinx License Configuration Manager to check out a full ISim license.
WARNING: ISim will run in Lite mode. Please refer to the ISim documentation for more information on the differences between the Lite and the Full version.
This is a Lite version of ISim.
Time resolution is 1 ps
# onerror resume
# wave add /
# run 1000 ns
Simulator is doing circuit initialization process.
Finished circuit initialization process.
         5 ... led output changed to        00000000
# restart
# run all
Simulator is doing circuit initialization process.
Finished circuit initialization process.
         5 ... led output changed to        00000000
   1501000 ... Running instruction        11000000
   5243925 ... instruction        11000000 executed
   5243925 ... led output changed to        00000001
OUTPUT   5307555 UART0 Received(0000)
   6001000 ... Running instruction        00010001
   9176085 ... instruction        00010001 executed
   9176085 ... led output changed to        00000010
  10501000 ... Running instruction        11010000
  14418965 ... instruction        11010000 executed
  14418965 ... led output changed to        00000011
OUTPUT  14482595 UART0 Received(0001)
  15001000 ... Running instruction        01000100
  18351125 ... instruction        01000100 executed
  18351125 ... led output changed to        00000100
  19501000 ... Running instruction        11000000
  23594005 ... instruction        11000000 executed
  23594005 ... led output changed to        00000101
OUTPUT  23657635 UART0 Received(0001)
  24001000 ... Running instruction        01000101
  27526165 ... instruction        01000101 executed
  27526165 ... led output changed to        00000110
  28501000 ... Running instruction        11010000
  31458325 ... instruction        11010000 executed
  31458325 ... led output changed to        00000111
OUTPUT  31521955 UART0 Received(0002)
  33001000 ... Running instruction        01000100
  36701205 ... instruction        01000100 executed
  36701205 ... led output changed to        00001000
  37501000 ... Running instruction        11000000
  40633365 ... instruction        11000000 executed
  40633365 ... led output changed to        00001001
OUTPUT  40696995 UART0 Received(0003)
  42001000 ... Running instruction        01000101
  45876245 ... instruction        01000101 executed
  45876245 ... led output changed to        00001010
  46501000 ... Running instruction        11010000
  49808405 ... instruction        11010000 executed
  49808405 ... led output changed to        00001011
OUTPUT  49872035 UART0 Received(0005)
  51001000 ... Running instruction        01000100
  55051285 ... instruction        01000100 executed
  55051285 ... led output changed to        00001100
  55501000 ... Running instruction        11000000
  58983445 ... instruction        11000000 executed
  58983445 ... led output changed to        00001101
OUTPUT  59047075 UART0 Received(0008)
  60001000 ... Running instruction        01000101
  62915605 ... instruction        01000101 executed
  62915605 ... led output changed to        00001110
  64501000 ... Running instruction        11010000
  68158485 ... instruction        11010000 executed
  68158485 ... led output changed to        00001111
OUTPUT  68222115 UART0 Received(000D)
  69001000 ... Running instruction        01000100
  72090645 ... instruction        01000100 executed
  72090645 ... led output changed to        00010000
  73501000 ... Running instruction        11000000
  77333525 ... instruction        11000000 executed
  77333525 ... led output changed to        00010001
OUTPUT  77397155 UART0 Received(0015)
  78001000 ... Running instruction        01000101
  81265685 ... instruction        01000101 executed
  81265685 ... led output changed to        00010010
  82501000 ... Running instruction        11010000
  86508565 ... instruction        11010000 executed
  86508565 ... led output changed to        00010011
OUTPUT  86572195 UART0 Received(0022)
Stopped at time : 87002 us : File "C:/Users/Student/Desktop/152alab10am/tenamlab1/tb.v" Line 49
