Command line:
   clk1hz_isim_beh.exe
     -simmode  gui
     -simrunnum  0
     -socket  59286

Thu Apr 06 11:44:05 2023


 Elaboration Time: 0.6875 sec

 Current Memory Usage: 5806.45 Meg

 Total Signals          : 14
 Total Nets             : 15
 Total Signal Drivers   : 6
 Total Blocks           : 2
 Total Primitive Blocks : 2
 Total Processes        : 8
 Total Traceable Variables  : 20
 Total Scalar Nets and Variables : 128
Total Line Count : 19

 Total Simulation Time: 0.6875 sec

 Current Memory Usage: 4705.45 Meg

Thu Apr 06 11:46:46 2023

