Command line:
   combinational_gates_muxed_isim_beh.exe
     -simmode  gui
     -simrunnum  0
     -socket  59941

Thu Apr 06 15:52:13 2023


 Elaboration Time: 0.765625 sec

 Current Memory Usage: 5806.42 Meg

 Total Signals          : 24
 Total Nets             : 38
 Total Signal Drivers   : 16
 Total Blocks           : 2
 Total Primitive Blocks : 2
 Total Processes        : 18
 Total Traceable Variables  : 19
 Total Scalar Nets and Variables : 119
Total Line Count : 26

 Total Simulation Time: 0.8125 sec

 Current Memory Usage: 5334.56 Meg

Thu Apr 06 15:53:33 2023

