Command line:
   tb_isim_beh.exe
     -simmode  gui
     -simrunnum  0
     -socket  59825

Thu Apr 20 10:55:11 2023


 Elaboration Time: 0.640625 sec

 Current Memory Usage: 5806.53 Meg

 Total Signals          : 122
 Total Nets             : 229
 Total Signal Drivers   : 55
 Total Blocks           : 20
 Total Primitive Blocks : 13
 Total Processes        : 77
 Total Traceable Variables  : 200
 Total Scalar Nets and Variables : 19949
Total Line Count : 313
Total Line Count : 313

 Total Simulation Time: 12.8125 sec

 Current Memory Usage: 4705.52 Meg

Thu Apr 20 11:26:16 2023

